<?xml version="1.0" encoding="utf-8" standalone="no"?>
<test-run id="0" runstate="Runnable" testcasecount="0" result="Failed" label="Invalid" total="0" passed="0" failed="0" warnings="0" inconclusive="0" skipped="0" asserts="0" engine-version="3.15.0.0" clr-version="4.0.30319.42000" start-time="2022-05-19 15:09:29Z" end-time="2022-05-19 15:09:30Z" duration="0.513950">
  <command-line><![CDATA["C:\Users\i.khamadiev\.nuget\packages\nunit.consolerunner\3.15.0\tools\nunit3-console.exe" path/to/tests/saucelabstest.cs]]></command-line>
  <test-suite type="Unknown" id="1-1" name="saucelabstest.cs" fullname="C:\Users\i.khamadiev\RiderProjects\TestProject3\path\to\tests\saucelabstest.cs" testcasecount="0" runstate="NotRunnable" result="Failed" label="Invalid">
    <properties>
      <property name="_SKIPREASON" value="File type is not supported" />
    </properties>
    <reason>
      <message>File type is not supported</message>
    </reason>
  </test-suite>
</test-run>